15/Mar/2021:15:50:54 794 [Scientific_Calc.java] [DEBUG] Scientific_Calc Debug Message Logged !!!
15/Mar/2021:15:50:54 799 [Scientific_Calc.java] [INFO] Scientific_Calc Info Message Logged !!!
15/Mar/2021:15:50:54 800 [Scientific_Calc.java] [ERROR] Scientific_Calc Error Message Logged !!!
java.lang.NullPointerException: NullError
	at Scientific_Calc.main(Scientific_Calc.java:19) [SPE_Calculator-1.0-SNAPSHOT.jar:?]
15/Mar/2021:15:50:54 803 [Scientific_Calc.java] [DEBUG] Scientific_Calc Scientific_Calc main start
15/Mar/2021:15:51:18 738 [Scientific_Calc.java] [DEBUG] Scientific_Calc Debug Message Logged !!!
15/Mar/2021:15:51:18 740 [Scientific_Calc.java] [INFO] Scientific_Calc Info Message Logged !!!
15/Mar/2021:15:51:18 740 [Scientific_Calc.java] [ERROR] Scientific_Calc Error Message Logged !!!
java.lang.NullPointerException: NullError
	at Scientific_Calc.main(Scientific_Calc.java:19) [SPE_Calculator-1.0-SNAPSHOT.jar:?]
15/Mar/2021:15:51:18 744 [Scientific_Calc.java] [DEBUG] Scientific_Calc Scientific_Calc main start
15/Mar/2021:15:51:21 863 [Scientific_Calc.java] [INFO] Scientific_Calc [SQRT] - 3423.0
15/Mar/2021:15:51:21 864 [Scientific_Calc.java] [INFO] Scientific_Calc [RESULT] - 58.5064099052403
15/Mar/2021:15:51:21 864 [Scientific_Calc.java] [DEBUG] Scientific_Calc Scientific_Calc main running
15/Mar/2021:15:51:23 606 [Scientific_Calc.java] [INFO] Scientific_Calc [FRACTIONAL] - 23235.0
15/Mar/2021:15:51:45 047 [Scientific_Calc.java] [DEBUG] Scientific_Calc Debug Message Logged !!!
15/Mar/2021:15:51:45 047 [Scientific_Calc.java] [INFO] Scientific_Calc Info Message Logged !!!
15/Mar/2021:15:51:45 048 [Scientific_Calc.java] [ERROR] Scientific_Calc Error Message Logged !!!
java.lang.NullPointerException: NullError
	at Scientific_Calc.main(Scientific_Calc.java:19) [SPE_Calculator-1.0-SNAPSHOT.jar:?]
15/Mar/2021:15:51:45 049 [Scientific_Calc.java] [DEBUG] Scientific_Calc Scientific_Calc main start
15/Mar/2021:15:51:49 530 [Scientific_Calc.java] [INFO] Scientific_Calc [NATURAL LOG] - 1232.0
15/Mar/2021:15:51:49 530 [Scientific_Calc.java] [INFO] Scientific_Calc [RESULT] - 7.116394144093465
15/Mar/2021:15:51:49 531 [Scientific_Calc.java] [DEBUG] Scientific_Calc Scientific_Calc main running
15/Mar/2021:15:51:54 139 [Scientific_Calc.java] [INFO] Scientific_Calc [POWER] - 54.0 of 43.0
15/Mar/2021:15:51:54 140 [Scientific_Calc.java] [INFO] Scientific_Calc [RESULT] - 3.111226808843722E74
15/Mar/2021:15:51:54 140 [Scientific_Calc.java] [DEBUG] Scientific_Calc Scientific_Calc main running
15/Mar/2021:15:51:56 785 [Scientific_Calc.java] [INFO] Scientific_Calc [FRACTIONAL] - 12.0
15/Mar/2021:15:51:56 785 [Scientific_Calc.java] [INFO] Scientific_Calc [RESULT] - 4.790016E8
15/Mar/2021:15:51:56 785 [Scientific_Calc.java] [DEBUG] Scientific_Calc Scientific_Calc main running
15/Mar/2021:15:51:58 826 [Scientific_Calc.java] [INFO] Scientific_Calc [FRACTIONAL] - 1233.0
15/Mar/2021:15:51:58 827 [Scientific_Calc.java] [INFO] Scientific_Calc [RESULT] - Infinity
15/Mar/2021:15:51:58 828 [Scientific_Calc.java] [DEBUG] Scientific_Calc Scientific_Calc main running
15/Mar/2021:15:52:00 510 [Scientific_Calc.java] [INFO] Scientific_Calc [FRACTIONAL] - 234.0
15/Mar/2021:15:52:00 512 [Scientific_Calc.java] [INFO] Scientific_Calc [RESULT] - Infinity
15/Mar/2021:15:52:00 512 [Scientific_Calc.java] [DEBUG] Scientific_Calc Scientific_Calc main running
15/Mar/2021:15:52:02 685 [Scientific_Calc.java] [INFO] Scientific_Calc [NATURAL LOG] - 123123.0
15/Mar/2021:15:52:02 686 [Scientific_Calc.java] [INFO] Scientific_Calc [RESULT] - 11.720939134687638
15/Mar/2021:15:52:02 686 [Scientific_Calc.java] [DEBUG] Scientific_Calc Scientific_Calc main running
15/Mar/2021:15:52:06 638 [Scientific_Calc.java] [INFO] Scientific_Calc [FRACTIONAL] - 123.0
15/Mar/2021:15:52:06 638 [Scientific_Calc.java] [INFO] Scientific_Calc [RESULT] - 1.2146304367025325E205
15/Mar/2021:15:52:06 639 [Scientific_Calc.java] [DEBUG] Scientific_Calc Scientific_Calc main running
15/Mar/2021:15:52:21 401 [Scientific_Calc.java] [INFO] Scientific_Calc [FRACTIONAL] - 123123.0
15/Mar/2021:15:52:55 945 [Scientific_Calc.java] [DEBUG] Scientific_Calc Debug Message Logged !!!
15/Mar/2021:15:52:55 947 [Scientific_Calc.java] [INFO] Scientific_Calc Info Message Logged !!!
15/Mar/2021:15:52:55 947 [Scientific_Calc.java] [ERROR] Scientific_Calc Error Message Logged !!!
java.lang.NullPointerException: NullError
	at Scientific_Calc.main(Scientific_Calc.java:19) [SPE_Calculator-1.0-SNAPSHOT.jar:?]
15/Mar/2021:15:52:55 951 [Scientific_Calc.java] [DEBUG] Scientific_Calc Scientific_Calc main start
15/Mar/2021:15:52:59 951 [Scientific_Calc.java] [INFO] Scientific_Calc [NATURAL LOG] - 123.0
15/Mar/2021:15:52:59 952 [Scientific_Calc.java] [INFO] Scientific_Calc [RESULT] - 4.812184355372417
15/Mar/2021:15:52:59 952 [Scientific_Calc.java] [DEBUG] Scientific_Calc Scientific_Calc main running
15/Mar/2021:15:53:02 904 [Scientific_Calc.java] [INFO] Scientific_Calc [POWER] - 123.0 of 12.0
15/Mar/2021:15:53:02 905 [Scientific_Calc.java] [INFO] Scientific_Calc [RESULT] - 1.1991163848716907E25
15/Mar/2021:15:53:02 905 [Scientific_Calc.java] [DEBUG] Scientific_Calc Scientific_Calc main running
15/Mar/2021:15:53:04 719 [Scientific_Calc.java] [ERROR] Scientific_Calc Invalid input, Entered input is beyond the choice.
15/Mar/2021:15:53:04 720 [Scientific_Calc.java] [DEBUG] Scientific_Calc Scientific_Calc main end
15/Mar/2021:15:53:08 111 [Scientific_Calc.java] [DEBUG] Scientific_Calc Debug Message Logged !!!
15/Mar/2021:15:53:08 112 [Scientific_Calc.java] [INFO] Scientific_Calc Info Message Logged !!!
15/Mar/2021:15:53:08 112 [Scientific_Calc.java] [ERROR] Scientific_Calc Error Message Logged !!!
java.lang.NullPointerException: NullError
	at Scientific_Calc.main(Scientific_Calc.java:19) [SPE_Calculator-1.0-SNAPSHOT.jar:?]
15/Mar/2021:15:53:08 115 [Scientific_Calc.java] [DEBUG] Scientific_Calc Scientific_Calc main start
15/Mar/2021:15:53:10 910 [Scientific_Calc.java] [ERROR] Scientific_Calc Invalid input, Entered input is beyond the choice.
15/Mar/2021:15:53:10 911 [Scientific_Calc.java] [DEBUG] Scientific_Calc Scientific_Calc main end
